# JRE version: OpenJDK Runtime Environment Temurin-21.0.12.1+1 (21.0.12.1+1) (build 21.0.12.1+1-LTS)
# Java VM: OpenJDK 64-Bit Server VM Temurin-21.0.12.1+1 (21.0.12.1+1-LTS, mixed mode, sharing, tiered, compressed oops, compressed class ptrs, parallel gc, windows-amd64)
GC Precious Log:
 CardTable entry size: 512
 CPUs: 16 total, 16 available
 Memory: 4988M
 Large Page Support: Disabled
 NUMA Support: Disabled
 Compressed Oops: Enabled (32-bit)
 Alignments: Space 512K, Generation 512K, Heap 2M
 Heap Min Capacity: 100M
 Heap Initial Capacity: 100M
 Heap Max Capacity: 2G
 Pre-touch: Disabled
 Parallel Workers: 13
Heap:
 PSYoungGen      total 6144K, used 4608K [0x00000000d5580000, 0x00000000d5d80000, 0x0000000100000000)
  eden space 3584K, 100% used [0x00000000d5580000,0x00000000d5900000,0x00000000d5900000)
  from space 2560K, 40% used [0x00000000d5980000,0x00000000d5a80000,0x00000000d5c00000)
  to   space 1536K, 100% used [0x00000000d5c00000,0x00000000d5d80000,0x00000000d5d80000)
 ParOldGen       total 1158144K, used 1157662K [0x0000000080000000, 0x00000000c6b00000, 0x00000000d5580000)
  object space 1158144K, 99% used [0x0000000080000000,0x00000000c6a87a38,0x00000000c6b00000)
 Metaspace       used 143491K, committed 145472K, reserved 1179648K
  class space    used 15620K, committed 16512K, reserved 1048576K
GC Heap History (20 events):
Event: 4422.766 GC heap before
{Heap before GC invocations=6218 (full 9):
 PSYoungGen      total 8192K, used 8192K [0x00000000d5580000, 0x00000000d6000000, 0x0000000100000000)
  eden space 6656K, 100% used [0x00000000d5580000,0x00000000d5c00000,0x00000000d5c00000)
  from space 1536K, 100% used [0x00000000d5c00000,0x00000000d5d80000,0x00000000d5d80000)
  to   space 2048K, 0% used [0x00000000d5e00000,0x00000000d5e00000,0x00000000d6000000)
 ParOldGen       total 1142784K, used 1142349K [0x0000000080000000, 0x00000000c5c00000, 0x00000000d5580000)
  object space 1142784K, 99% used [0x0000000080000000,0x00000000c5b93600,0x00000000c5c00000)
 Metaspace       used 143468K, committed 145408K, reserved 1179648K
  class space    used 15618K, committed 16512K, reserved 1048576K
}
Event: 4422.769 GC heap after
{Heap after GC invocations=6218 (full 9):
 PSYoungGen      total 8192K, used 2048K [0x00000000d5580000, 0x00000000d6100000, 0x0000000100000000)
  eden space 6144K, 0% used [0x00000000d5580000,0x00000000d5580000,0x00000000d5b80000)
  from space 2048K, 100% used [0x00000000d5e00000,0x00000000d6000000,0x00000000d6000000)
  to   space 2560K, 0% used [0x00000000d5b80000,0x00000000d5b80000,0x00000000d5e00000)
 ParOldGen       total 1143296K, used 1143018K [0x0000000080000000, 0x00000000c5c80000, 0x00000000d5580000)
  object space 1143296K, 99% used [0x0000000080000000,0x00000000c5c3a868,0x00000000c5c80000)
 Metaspace       used 143468K, committed 145408K, reserved 1179648K
  class space    used 15618K, committed 16512K, reserved 1048576K
}
Event: 4422.821 GC heap before
{Heap before GC invocations=6219 (full 9):
 PSYoungGen      total 8192K, used 8192K [0x00000000d5580000, 0x00000000d6100000, 0x0000000100000000)
  eden space 6144K, 100% used [0x00000000d5580000,0x00000000d5b80000,0x00000000d5b80000)
  from space 2048K, 100% used [0x00000000d5e00000,0x00000000d6000000,0x00000000d6000000)
  to   space 2560K, 0% used [0x00000000d5b80000,0x00000000d5b80000,0x00000000d5e00000)
 ParOldGen       total 1143296K, used 1143018K [0x0000000080000000, 0x00000000c5c80000, 0x00000000d5580000)
  object space 1143296K, 99% used [0x0000000080000000,0x00000000c5c3a868,0x00000000c5c80000)
 Metaspace       used 143468K, committed 145408K, reserved 1179648K
  class space    used 15618K, committed 16512K, reserved 1048576K
}
Event: 4422.825 GC heap after
{Heap after GC invocations=6219 (full 9):
 PSYoungGen      total 7680K, used 1120K [0x00000000d5580000, 0x00000000d5e80000, 0x0000000100000000)
  eden space 6144K, 0% used [0x00000000d5580000,0x00000000d5580000,0x00000000d5b80000)
  from space 1536K, 72% used [0x00000000d5b80000,0x00000000d5c98000,0x00000000d5d00000)
  to   space 1536K, 0% used [0x00000000d5d00000,0x00000000d5d00000,0x00000000d5e80000)
 ParOldGen       total 1145344K, used 1144865K [0x0000000080000000, 0x00000000c5e80000, 0x00000000d5580000)
  object space 1145344K, 99% used [0x0000000080000000,0x00000000c5e08688,0x00000000c5e80000)
 Metaspace       used 143468K, committed 145408K, reserved 1179648K
  class space    used 15618K, committed 16512K, reserved 1048576K
}
Event: 4422.883 GC heap before
{Heap before GC invocations=6220 (full 9):
 PSYoungGen      total 7680K, used 7231K [0x00000000d5580000, 0x00000000d5e80000, 0x0000000100000000)
  eden space 6144K, 99% used [0x00000000d5580000,0x00000000d5b77e88,0x00000000d5b80000)
  from space 1536K, 72% used [0x00000000d5b80000,0x00000000d5c98000,0x00000000d5d00000)
  to   space 1536K, 0% used [0x00000000d5d00000,0x00000000d5d00000,0x00000000d5e80000)
 ParOldGen       total 1145344K, used 1144865K [0x0000000080000000, 0x00000000c5e80000, 0x00000000d5580000)
  object space 1145344K, 99% used [0x0000000080000000,0x00000000c5e08688,0x00000000c5e80000)
 Metaspace       used 143472K, committed 145408K, reserved 1179648K
  class space    used 15618K, committed 16512K, reserved 1048576K
}
Event: 4422.885 GC heap after
{Heap after GC invocations=6220 (full 9):
 PSYoungGen      total 5120K, used 1525K [0x00000000d5580000, 0x00000000d6380000, 0x0000000100000000)
  eden space 3584K, 0% used [0x00000000d5580000,0x00000000d5580000,0x00000000d5900000)
  from space 1536K, 99% used [0x00000000d5d00000,0x00000000d5e7d498,0x00000000d5e80000)
  to   space 4096K, 0% used [0x00000000d5900000,0x00000000d5900000,0x00000000d5d00000)
 ParOldGen       total 1146880K, used 1146833K [0x0000000080000000, 0x00000000c6000000, 0x00000000d5580000)
  object space 1146880K, 99% used [0x0000000080000000,0x00000000c5ff4660,0x00000000c6000000)
 Metaspace       used 143472K, committed 145408K, reserved 1179648K
  class space    used 15618K, committed 16512K, reserved 1048576K
}
Event: 4422.918 GC heap before
{Heap before GC invocations=6221 (full 9):
 PSYoungGen      total 5120K, used 4599K [0x00000000d5580000, 0x00000000d6380000, 0x0000000100000000)
  eden space 3584K, 85% used [0x00000000d5580000,0x00000000d5880a28,0x00000000d5900000)
  from space 1536K, 99% used [0x00000000d5d00000,0x00000000d5e7d498,0x00000000d5e80000)
  to   space 4096K, 0% used [0x00000000d5900000,0x00000000d5900000,0x00000000d5d00000)
 ParOldGen       total 1146880K, used 1146833K [0x0000000080000000, 0x00000000c6000000, 0x00000000d5580000)
  object space 1146880K, 99% used [0x0000000080000000,0x00000000c5ff4660,0x00000000c6000000)
 Metaspace       used 143472K, committed 145408K, reserved 1179648K
  class space    used 15618K, committed 16512K, reserved 1048576K
}
Event: 4422.920 GC heap after
{Heap after GC invocations=6221 (full 9):
 PSYoungGen      total 7168K, used 3137K [0x00000000d5580000, 0x00000000d6000000, 0x0000000100000000)
  eden space 3584K, 0% used [0x00000000d5580000,0x00000000d5580000,0x00000000d5900000)
  from space 3584K, 87% used [0x00000000d5900000,0x00000000d5c105e0,0x00000000d5c80000)
  to   space 3584K, 0% used [0x00000000d5c80000,0x00000000d5c80000,0x00000000d6000000)
 ParOldGen       total 1148416K, used 1148246K [0x0000000080000000, 0x00000000c6180000, 0x00000000d5580000)
  object space 1148416K, 99% used [0x0000000080000000,0x00000000c6155820,0x00000000c6180000)
 Metaspace       used 143472K, committed 145408K, reserved 1179648K
  class space    used 15618K, committed 16512K, reserved 1048576K
}
Event: 4422.954 GC heap before
{Heap before GC invocations=6222 (full 9):
 PSYoungGen      total 7168K, used 6721K [0x00000000d5580000, 0x00000000d6000000, 0x0000000100000000)
  eden space 3584K, 100% used [0x00000000d5580000,0x00000000d5900000,0x00000000d5900000)
  from space 3584K, 87% used [0x00000000d5900000,0x00000000d5c105e0,0x00000000d5c80000)
  to   space 3584K, 0% used [0x00000000d5c80000,0x00000000d5c80000,0x00000000d6000000)
 ParOldGen       total 1148416K, used 1148246K [0x0000000080000000, 0x00000000c6180000, 0x00000000d5580000)
  object space 1148416K, 99% used [0x0000000080000000,0x00000000c6155820,0x00000000c6180000)
 Metaspace       used 143472K, committed 145408K, reserved 1179648K
  class space    used 15618K, committed 16512K, reserved 1048576K
}
Event: 4422.957 GC heap after
{Heap after GC invocations=6222 (full 9):
 PSYoungGen      total 5632K, used 2010K [0x00000000d5580000, 0x00000000d5e80000, 0x0000000100000000)
  eden space 3584K, 0% used [0x00000000d5580000,0x00000000d5580000,0x00000000d5900000)
  from space 2048K, 98% used [0x00000000d5c80000,0x00000000d5e76bb0,0x00000000d5e80000)
  to   space 2560K, 0% used [0x00000000d5980000,0x00000000d5980000,0x00000000d5c00000)
 ParOldGen       total 1151488K, used 1151251K [0x0000000080000000, 0x00000000c6480000, 0x00000000d5580000)
  object space 1151488K, 99% used [0x0000000080000000,0x00000000c6444c38,0x00000000c6480000)
 Metaspace       used 143472K, committed 145408K, reserved 1179648K
  class space    used 15618K, committed 16512K, reserved 1048576K
}
Event: 4422.976 GC heap before
{Heap before GC invocations=6223 (full 9):
 PSYoungGen      total 5632K, used 5594K [0x00000000d5580000, 0x00000000d5e80000, 0x0000000100000000)
  eden space 3584K, 100% used [0x00000000d5580000,0x00000000d5900000,0x00000000d5900000)
  from space 2048K, 98% used [0x00000000d5c80000,0x00000000d5e76bb0,0x00000000d5e80000)
  to   space 2560K, 0% used [0x00000000d5980000,0x00000000d5980000,0x00000000d5c00000)
 ParOldGen       total 1151488K, used 1151251K [0x0000000080000000, 0x00000000c6480000, 0x00000000d5580000)
  object space 1151488K, 99% used [0x0000000080000000,0x00000000c6444c38,0x00000000c6480000)
 Metaspace       used 143474K, committed 145408K, reserved 1179648K
  class space    used 15618K, committed 16512K, reserved 1048576K
}
Event: 4422.978 GC heap after
{Heap after GC invocations=6223 (full 9):
 PSYoungGen      total 4608K, used 544K [0x00000000d5580000, 0x00000000d5d00000, 0x0000000100000000)
  eden space 3584K, 0% used [0x00000000d5580000,0x00000000d5580000,0x00000000d5900000)
  from space 1024K, 53% used [0x00000000d5980000,0x00000000d5a08000,0x00000000d5a80000)
  to   space 1536K, 0% used [0x00000000d5b80000,0x00000000d5b80000,0x00000000d5d00000)
 ParOldGen       total 1152000K, used 1151531K [0x0000000080000000, 0x00000000c6500000, 0x00000000d5580000)
  object space 1152000K, 99% used [0x0000000080000000,0x00000000c648ac38,0x00000000c6500000)
 Metaspace       used 143474K, committed 145408K, reserved 1179648K
  class space    used 15618K, committed 16512K, reserved 1048576K
}
Event: 4423.024 GC heap before
{Heap before GC invocations=6224 (full 9):
 PSYoungGen      total 4608K, used 3585K [0x00000000d5580000, 0x00000000d5d00000, 0x0000000100000000)
  eden space 3584K, 84% used [0x00000000d5580000,0x00000000d58786e8,0x00000000d5900000)
  from space 1024K, 53% used [0x00000000d5980000,0x00000000d5a08000,0x00000000d5a80000)
  to   space 1536K, 0% used [0x00000000d5b80000,0x00000000d5b80000,0x00000000d5d00000)
 ParOldGen       total 1152000K, used 1151531K [0x0000000080000000, 0x00000000c6500000, 0x00000000d5580000)
  object space 1152000K, 99% used [0x0000000080000000,0x00000000c648ac38,0x00000000c6500000)
 Metaspace       used 143475K, committed 145408K, reserved 1179648K
  class space    used 15618K, committed 16512K, reserved 1048576K
}
Event: 4423.027 GC heap after
{Heap after GC invocations=6224 (full 9):
 PSYoungGen      total 5120K, used 1042K [0x00000000d5580000, 0x00000000d5d00000, 0x0000000100000000)
  eden space 3584K, 0% used [0x00000000d5580000,0x00000000d5580000,0x00000000d5900000)
  from space 1536K, 67% used [0x00000000d5b80000,0x00000000d5c849a8,0x00000000d5d00000)
  to   space 1536K, 0% used [0x00000000d5a00000,0x00000000d5a00000,0x00000000d5b80000)
 ParOldGen       total 1152000K, used 1151889K [0x0000000080000000, 0x00000000c6500000, 0x00000000d5580000)
  object space 1152000K, 99% used [0x0000000080000000,0x00000000c64e46a8,0x00000000c6500000)
 Metaspace       used 143475K, committed 145408K, reserved 1179648K
  class space    used 15618K, committed 16512K, reserved 1048576K
}
Event: 4423.058 GC heap before
{Heap before GC invocations=6225 (full 9):
 PSYoungGen      total 5120K, used 4626K [0x00000000d5580000, 0x00000000d5d00000, 0x0000000100000000)
  eden space 3584K, 100% used [0x00000000d5580000,0x00000000d5900000,0x00000000d5900000)
  from space 1536K, 67% used [0x00000000d5b80000,0x00000000d5c849a8,0x00000000d5d00000)
  to   space 1536K, 0% used [0x00000000d5a00000,0x00000000d5a00000,0x00000000d5b80000)
 ParOldGen       total 1152000K, used 1151889K [0x0000000080000000, 0x00000000c6500000, 0x00000000d5580000)
  object space 1152000K, 99% used [0x0000000080000000,0x00000000c64e46a8,0x00000000c6500000)
 Metaspace       used 143476K, committed 145408K, reserved 1179648K
  class space    used 15618K, committed 16512K, reserved 1048576K
}
Event: 4423.062 GC heap after
{Heap after GC invocations=6225 (full 9):
 PSYoungGen      total 5120K, used 1522K [0x00000000d5580000, 0x00000000d6100000, 0x0000000100000000)
  eden space 3584K, 0% used [0x00000000d5580000,0x00000000d5580000,0x00000000d5900000)
  from space 1536K, 99% used [0x00000000d5a00000,0x00000000d5b7c9a8,0x00000000d5b80000)
  to   space 4096K, 0% used [0x00000000d5d00000,0x00000000d5d00000,0x00000000d6100000)
 ParOldGen       total 1154048K, used 1153736K [0x0000000080000000, 0x00000000c6700000, 0x00000000d5580000)
  object space 1154048K, 99% used [0x0000000080000000,0x00000000c66b2070,0x00000000c6700000)
 Metaspace       used 143476K, committed 145408K, reserved 1179648K
  class space    used 15618K, committed 16512K, reserved 1048576K
}
Event: 4423.087 GC heap before
{Heap before GC invocations=6226 (full 9):
 PSYoungGen      total 5120K, used 5106K [0x00000000d5580000, 0x00000000d6100000, 0x0000000100000000)
  eden space 3584K, 100% used [0x00000000d5580000,0x00000000d5900000,0x00000000d5900000)
  from space 1536K, 99% used [0x00000000d5a00000,0x00000000d5b7c9a8,0x00000000d5b80000)
  to   space 4096K, 0% used [0x00000000d5d00000,0x00000000d5d00000,0x00000000d6100000)
 ParOldGen       total 1154048K, used 1153736K [0x0000000080000000, 0x00000000c6700000, 0x00000000d5580000)
  object space 1154048K, 99% used [0x0000000080000000,0x00000000c66b2070,0x00000000c6700000)
 Metaspace       used 143476K, committed 145408K, reserved 1179648K
  class space    used 15618K, committed 16512K, reserved 1048576K
}
Event: 4423.091 GC heap after
{Heap after GC invocations=6226 (full 9):
 PSYoungGen      total 5120K, used 1344K [0x00000000d5580000, 0x00000000d5e80000, 0x0000000100000000)
  eden space 3584K, 0% used [0x00000000d5580000,0x00000000d5580000,0x00000000d5900000)
  from space 1536K, 87% used [0x00000000d5d00000,0x00000000d5e50020,0x00000000d5e80000)
  to   space 2560K, 0% used [0x00000000d5980000,0x00000000d5980000,0x00000000d5c00000)
 ParOldGen       total 1155584K, used 1155170K [0x0000000080000000, 0x00000000c6880000, 0x00000000d5580000)
  object space 1155584K, 99% used [0x0000000080000000,0x00000000c6818a18,0x00000000c6880000)
 Metaspace       used 143476K, committed 145408K, reserved 1179648K
  class space    used 15618K, committed 16512K, reserved 1048576K
}
Event: 4423.101 GC heap before
{Heap before GC invocations=6227 (full 9):
 PSYoungGen      total 5120K, used 4928K [0x00000000d5580000, 0x00000000d5e80000, 0x0000000100000000)
  eden space 3584K, 100% used [0x00000000d5580000,0x00000000d5900000,0x00000000d5900000)
  from space 1536K, 87% used [0x00000000d5d00000,0x00000000d5e50020,0x00000000d5e80000)
  to   space 2560K, 0% used [0x00000000d5980000,0x00000000d5980000,0x00000000d5c00000)
 ParOldGen       total 1155584K, used 1155170K [0x0000000080000000, 0x00000000c6880000, 0x00000000d5580000)
  object space 1155584K, 99% used [0x0000000080000000,0x00000000c6818a18,0x00000000c6880000)
 Metaspace       used 143477K, committed 145472K, reserved 1179648K
  class space    used 15618K, committed 16512K, reserved 1048576K
}
Event: 4423.105 GC heap after
{Heap after GC invocations=6227 (full 9):
 PSYoungGen      total 6144K, used 1024K [0x00000000d5580000, 0x00000000d5d80000, 0x0000000100000000)
  eden space 3584K, 0% used [0x00000000d5580000,0x00000000d5580000,0x00000000d5900000)
  from space 2560K, 40% used [0x00000000d5980000,0x00000000d5a80000,0x00000000d5c00000)
  to   space 1536K, 0% used [0x00000000d5c00000,0x00000000d5c00000,0x00000000d5d80000)
 ParOldGen       total 1156608K, used 1156182K [0x0000000080000000, 0x00000000c6980000, 0x00000000d5580000)
  object space 1156608K, 99% used [0x0000000080000000,0x00000000c6915a28,0x00000000c6980000)
 Metaspace       used 143477K, committed 145472K, reserved 1179648K
  class space    used 15618K, committed 16512K, reserved 1048576K
}

